\BOOKMARK [1][-]{section*.1}{Streszczenie}{}% 1
\BOOKMARK [1][-]{section.1}{Wprowadzenie}{}% 2
\BOOKMARK [2][-]{subsection.1.1}{Cel i zakres pracy}{section.1}% 3
\BOOKMARK [2][-]{subsection.1.2}{Idea stosowania węzłów przesiadkowych}{section.1}% 4
\BOOKMARK [2][-]{subsection.1.3}{,,Park and Ride''}{section.1}% 5
\BOOKMARK [2][-]{subsection.1.4}{Charakterystyka węzłów przesiadkowych}{section.1}% 6
\BOOKMARK [1][-]{section.2}{Projektowanie węzłów przesiadkowych}{}% 7
\BOOKMARK [2][-]{subsection.2.1}{Czynniki wpływające na atrakcyjność węzłów przesiadkowych}{section.2}% 8
\BOOKMARK [2][-]{subsection.2.2}{Wskaźnikowa ocena węzłów przesiadkowych}{section.2}% 9
\BOOKMARK [2][-]{subsection.2.3}{Wybór lokalizacji z punktu widzenia użytkowników ,,Park and Ride''}{section.2}% 10
\BOOKMARK [2][-]{subsection.2.4}{Układ geometryczny węzła}{section.2}% 11
\BOOKMARK [2][-]{subsection.2.5}{Wymagania dla dróg}{section.2}% 12
\BOOKMARK [3][-]{subsubsection.2.5.1}{Warunki geometryczne}{subsection.2.5}% 13
\BOOKMARK [3][-]{subsubsection.2.5.2}{Wymagania dla nawierzchni}{subsection.2.5}% 14
\BOOKMARK [3][-]{subsubsection.2.5.3}{Wymagania dla skrzyżowań i zjazdów}{subsection.2.5}% 15
\BOOKMARK [3][-]{subsubsection.2.5.4}{Wyposażenie techniczne dróg}{subsection.2.5}% 16
\BOOKMARK [3][-]{subsubsection.2.5.5}{Zalecenia dla infrastruktury autobusowej i tramwajowej}{subsection.2.5}% 17
\BOOKMARK [2][-]{subsection.2.6}{Wymagania dla infrastruktury tramwajowej}{section.2}% 18
\BOOKMARK [3][-]{subsubsection.2.6.1}{Torowisko tramwajowe}{subsection.2.6}% 19
\BOOKMARK [3][-]{subsubsection.2.6.2}{Przystanki i perony tramwajowe}{subsection.2.6}% 20
\BOOKMARK [3][-]{subsubsection.2.6.3}{Prowadzenie toru w planie}{subsection.2.6}% 21
\BOOKMARK [2][-]{subsection.2.7}{Ciągi piesze i rowerowe}{section.2}% 22
\BOOKMARK [3][-]{subsubsection.2.7.1}{Zalecenia ogólne}{subsection.2.7}% 23
\BOOKMARK [3][-]{subsubsection.2.7.2}{Poziom swobody ruchu pieszych}{subsection.2.7}% 24
\BOOKMARK [3][-]{subsubsection.2.7.3}{Wytyczne dla miasta Wrocław}{subsection.2.7}% 25
\BOOKMARK [3][-]{subsubsection.2.7.4}{Przejścia dla pieszych}{subsection.2.7}% 26
\BOOKMARK [2][-]{subsection.2.8}{Obsługa osób niepełnosprawnych oraz starszych}{section.2}% 27
\BOOKMARK [1][-]{section.3}{Studia istniejących rozwiązań}{}% 28
\BOOKMARK [2][-]{subsection.3.1}{Pętla Łostowice-Świętokrzyska, Gdańsk}{section.3}% 29
\BOOKMARK [2][-]{subsection.3.2}{Rondo Reagana \(plac Grunwaldzki\), Wrocław}{section.3}% 30
\BOOKMARK [2][-]{subsection.3.3}{Węzły przesiadkowe ,,Bieżanów'' oraz ,,Kurdwanów'', Kraków}{section.3}% 31
\BOOKMARK [2][-]{subsection.3.4}{Młociny, Warszawa}{section.3}% 32
\BOOKMARK [1][-]{section.4}{Projekt węzła przesiadkowego na terenie Wrocławia}{}% 33
\BOOKMARK [2][-]{subsection.4.1}{Wybór lokalizacji}{section.4}% 34
\BOOKMARK [3][-]{subsubsection.4.1.1}{Istniejące parkingi ,,park and ride'' we Wrocławiu}{subsection.4.1}% 35
\BOOKMARK [3][-]{subsubsection.4.1.2}{Planowane parkingi ,,park and ride''}{subsection.4.1}% 36
\BOOKMARK [3][-]{subsubsection.4.1.3}{Analiza i wybór wybranych wariantów}{subsection.4.1}% 37
\BOOKMARK [2][-]{subsection.4.2}{Dane do projektowania \205 Wysoka}{section.4}% 38
\BOOKMARK [3][-]{subsubsection.4.2.1}{Wschodnia Obwodnica Wrocławia}{subsection.4.2}% 39
\BOOKMARK [3][-]{subsubsection.4.2.2}{Stanowiska autobusowe}{subsection.4.2}% 40
\BOOKMARK [3][-]{subsubsection.4.2.3}{Pętla tramwajowa}{subsection.4.2}% 41
\BOOKMARK [3][-]{subsubsection.4.2.4}{Perony}{subsection.4.2}% 42
\BOOKMARK [3][-]{subsubsection.4.2.5}{Parking dla samochodów osobowych}{subsection.4.2}% 43
\BOOKMARK [3][-]{subsubsection.4.2.6}{Dane dotyczące ruchu}{subsection.4.2}% 44
\BOOKMARK [2][-]{subsection.4.3}{Charakterystyka zaprojektowanych koncepcji}{section.4}% 45
\BOOKMARK [3][-]{subsubsection.4.3.1}{Koncepcja nr 1}{subsection.4.3}% 46
\BOOKMARK [3][-]{subsubsection.4.3.2}{Koncepcja nr 2}{subsection.4.3}% 47
\BOOKMARK [3][-]{subsubsection.4.3.3}{Analiza przedstawionych wariantów}{subsection.4.3}% 48
\BOOKMARK [2][-]{subsection.4.4}{Obliczenia dla koncepcji nr 1}{section.4}% 49
\BOOKMARK [3][-]{subsubsection.4.4.1}{Obliczenia łuków poziomych torów tramwajowych}{subsection.4.4}% 50
\BOOKMARK [3][-]{subsubsection.4.4.2}{Obliczenia poziomu swobody pieszych}{subsection.4.4}% 51
\BOOKMARK [3][-]{subsubsection.4.4.3}{Nawierzchnia jezdni}{subsection.4.4}% 52
\BOOKMARK [2][-]{subsection.4.5}{Opis techniczny}{section.4}% 53
\BOOKMARK [3][-]{subsubsection.4.5.1}{Cel i zakres pracy}{subsection.4.5}% 54
\BOOKMARK [3][-]{subsubsection.4.5.2}{Podstawa prawna}{subsection.4.5}% 55
\BOOKMARK [3][-]{subsubsection.4.5.3}{Opis sytuacji}{subsection.4.5}% 56
\BOOKMARK [3][-]{subsubsection.4.5.4}{Proponowane rozwiązania}{subsection.4.5}% 57
\BOOKMARK [3][-]{subsubsection.4.5.5}{Schemat funkcjonalno-ruchowy}{subsection.4.5}% 58
\BOOKMARK [1][-]{section.5}{Podsumowanie}{}% 59
\BOOKMARK [1][-]{section.5}{Spis rysunków}{}% 60
\BOOKMARK [1][-]{section*.84}{Spis tabel}{}% 61
\BOOKMARK [1][-]{section*.85}{Literatura}{}% 62
\BOOKMARK [1][-]{section*.86}{Spis załączników}{}% 63
